<?xml version="1.0" encoding="UTF-8"?>
<!-- Generated by org.testng.reporters.JUnitReportReporter -->
<testsuite hostname="DESKTOP-P1MN8GR" failures="0" tests="1" name="bewakoofTest.TitleVerificationTest" time="0.037" errors="0" timestamp="2024-12-20T16:32:52 IST" skipped="0">
  <testcase classname="bewakoofTest.TitleVerificationTest" name="TitPgm" time="0.037"/>
  <system-out/>
</testsuite> <!-- bewakoofTest.TitleVerificationTest -->
