<?xml version="1.0" encoding="UTF-8"?>
<!-- Generated by org.testng.reporters.JUnitReportReporter -->
<testsuite hostname="DESKTOP-P1MN8GR" failures="0" tests="1" name="bewakoofTest.PageSourceTest" time="0.273" errors="0" timestamp="2024-12-19T12:49:15 IST" skipped="0">
  <testcase classname="bewakoofTest.PageSourceTest" name="pagetest" time="0.273"/>
  <system-out/>
</testsuite> <!-- bewakoofTest.PageSourceTest -->
