<?xml version="1.0" encoding="UTF-8"?>
<!-- Generated by org.testng.reporters.JUnitReportReporter -->
<testsuite hostname="DESKTOP-P1MN8GR" failures="0" tests="1" name="bewakoofTest.BrkenlinkTest" time="7.265" errors="0" timestamp="2024-12-21T09:59:50 IST" skipped="0">
  <testcase classname="bewakoofTest.BrkenlinkTest" name="Brokenpgm" time="7.265"/>
  <system-out/>
</testsuite> <!-- bewakoofTest.BrkenlinkTest -->
