<?xml version="1.0" encoding="UTF-8"?>
<!-- Generated by org.testng.reporters.JUnitReportReporter -->
<testsuite hostname="DESKTOP-P1MN8GR" failures="0" tests="1" name="bewakoofTest.LoginTest" time="13.570" errors="0" timestamp="2024-12-21T09:35:07 IST" skipped="0">
  <testcase classname="bewakoofTest.LoginTest" name="LogPgm" time="13.570"/>
  <system-out/>
</testsuite> <!-- bewakoofTest.LoginTest -->
