<?xml version="1.0" encoding="UTF-8"?>
<!-- Generated by org.testng.reporters.JUnitReportReporter -->
<testsuite hostname="DESKTOP-P1MN8GR" failures="0" tests="1" name="bewakoofTest.LinkCountTest" time="7.755" errors="0" timestamp="2024-12-19T12:56:39 IST" skipped="0">
  <testcase classname="bewakoofTest.LinkCountTest" name="ResponePg" time="7.755"/>
  <system-out/>
</testsuite> <!-- bewakoofTest.LinkCountTest -->
