<?xml version="1.0" encoding="UTF-8"?>
<!-- Generated by org.testng.reporters.JUnitReportReporter -->
<testsuite hostname="DESKTOP-P1MN8GR" failures="0" tests="1" name="bewakoofTest.AlertHandlingTest" time="4.170" errors="0" timestamp="2024-12-21T09:38:27 IST" skipped="0">
  <testcase classname="bewakoofTest.AlertHandlingTest" name="AlertPgm" time="4.170"/>
  <system-out/>
</testsuite> <!-- bewakoofTest.AlertHandlingTest -->
