<?xml version="1.0" encoding="UTF-8"?>
<!-- Generated by org.testng.reporters.JUnitReportReporter -->
<testsuite hostname="DESKTOP-P1MN8GR" failures="0" tests="1" name="bewakoofTest.SearchTest" time="1.005" errors="0" timestamp="2024-12-21T09:33:32 IST" skipped="0">
  <testcase classname="bewakoofTest.SearchTest" name="SearchField" time="1.005"/>
  <system-out/>
</testsuite> <!-- bewakoofTest.SearchTest -->
