<?xml version="1.0" encoding="UTF-8"?>
<!-- Generated by org.testng.reporters.JUnitReportReporter -->
<testsuite hostname="DESKTOP-P1MN8GR" failures="0" tests="1" name="bewakoofTest.ScreenshotTest" time="5.211" errors="0" timestamp="2024-12-20T16:34:00 IST" skipped="0">
  <testcase classname="bewakoofTest.ScreenshotTest" name="screenshot" time="5.211"/>
  <system-out/>
</testsuite> <!-- bewakoofTest.ScreenshotTest -->
